This file contains any messages produced by compilers while
running configure, to aid debugging if configure makes a mistake.

It was created by HDRLDEMO Pipeline configure 1.2.0, which was
generated by GNU Autoconf 2.69.  Invocation command line was

  $ ./configure --prefix=/home/ydallilar/.software/local--with-cpl=/home/ydallilar/.software/local --with-gsl=/home/ydallilar/.software/local

## --------- ##
## Platform. ##
## --------- ##

hostname = pcir42
uname -m = x86_64
uname -r = 4.15.0-64-generic
uname -s = Linux
uname -v = #73-Ubuntu SMP Thu Sep 12 13:16:13 UTC 2019

/usr/bin/uname -p = unknown
/bin/uname -X     = unknown

/bin/arch              = unknown
/usr/bin/arch -k       = unknown
/usr/convex/getsysinfo = unknown
/usr/bin/hostinfo      = unknown
/bin/machine           = unknown
/usr/bin/oslevel       = unknown
/bin/universe          = unknown

PATH: /home/ydallilar/.miniconda2/bin
PATH: /home/ydallilar/.miniconda2/condabin
PATH: /usr/local/sbin
PATH: /usr/local/bin
PATH: /usr/sbin
PATH: /usr/bin
PATH: /sbin
PATH: /bin
PATH: /usr/games
PATH: /usr/local/games
PATH: /snap/bin
PATH: /afs/mpe/common/sbin
PATH: /afs/mpe/common/bin
PATH: /afs/mpe/@sys/bin
PATH: /home/ydallilar/.software/local/bin


## ----------- ##
## Core tests. ##
## ----------- ##

configure:2345: checking build system type
configure:2359: result: x86_64-unknown-linux-gnu
configure:2379: checking host system type
configure:2392: result: x86_64-unknown-linux-gnu
configure:2412: checking target system type
configure:2425: result: x86_64-unknown-linux-gnu
configure:2468: checking for a BSD-compatible install
configure:2536: result: /usr/bin/install -c
configure:2547: checking whether build environment is sane
configure:2602: result: yes
configure:2753: checking for a thread-safe mkdir -p
configure:2792: result: /bin/mkdir -p
configure:2799: checking for gawk
configure:2829: result: no
configure:2799: checking for mawk
configure:2815: found /usr/bin/mawk
configure:2826: result: mawk
configure:2837: checking whether make sets $(MAKE)
configure:2859: result: yes
configure:2888: checking whether make supports nested variables
configure:2905: result: yes
configure:3040: checking whether to enable maintainer-specific portions of Makefiles
configure:3049: result: yes
configure:3240: checking for gcc
configure:3256: found /usr/bin/gcc
configure:3267: result: gcc
configure:3496: checking for C compiler version
configure:3505: gcc --version >&5
gcc (Ubuntu 7.4.0-1ubuntu1~18.04.1) 7.4.0
Copyright (C) 2017 Free Software Foundation, Inc.
This is free software; see the source for copying conditions.  There is NO
warranty; not even for MERCHANTABILITY or FITNESS FOR A PARTICULAR PURPOSE.

configure:3516: $? = 0
configure:3505: gcc -v >&5
Using built-in specs.
COLLECT_GCC=gcc
COLLECT_LTO_WRAPPER=/usr/lib/gcc/x86_64-linux-gnu/7/lto-wrapper
OFFLOAD_TARGET_NAMES=nvptx-none
OFFLOAD_TARGET_DEFAULT=1
Target: x86_64-linux-gnu
Configured with: ../src/configure -v --with-pkgversion='Ubuntu 7.4.0-1ubuntu1~18.04.1' --with-bugurl=file:///usr/share/doc/gcc-7/README.Bugs --enable-languages=c,ada,c++,go,brig,d,fortran,objc,obj-c++ --prefix=/usr --with-gcc-major-version-only --program-suffix=-7 --program-prefix=x86_64-linux-gnu- --enable-shared --enable-linker-build-id --libexecdir=/usr/lib --without-included-gettext --enable-threads=posix --libdir=/usr/lib --enable-nls --with-sysroot=/ --enable-clocale=gnu --enable-libstdcxx-debug --enable-libstdcxx-time=yes --with-default-libstdcxx-abi=new --enable-gnu-unique-object --disable-vtable-verify --enable-libmpx --enable-plugin --enable-default-pie --with-system-zlib --with-target-system-zlib --enable-objc-gc=auto --enable-multiarch --disable-werror --with-arch-32=i686 --with-abi=m64 --with-multilib-list=m32,m64,mx32 --enable-multilib --with-tune=generic --enable-offload-targets=nvptx-none --without-cuda-driver --enable-checking=release --build=x86_64-linux-gnu --host=x86_64-linux-gnu --target=x86_64-linux-gnu
Thread model: posix
gcc version 7.4.0 (Ubuntu 7.4.0-1ubuntu1~18.04.1) 
configure:3516: $? = 0
configure:3505: gcc -V >&5
gcc: error: unrecognized command line option '-V'
gcc: fatal error: no input files
compilation terminated.
configure:3516: $? = 1
configure:3505: gcc -qversion >&5
gcc: error: unrecognized command line option '-qversion'; did you mean '--version'?
gcc: fatal error: no input files
compilation terminated.
configure:3516: $? = 1
configure:3536: checking whether the C compiler works
configure:3558: gcc    conftest.c  >&5
configure:3562: $? = 0
configure:3610: result: yes
configure:3613: checking for C compiler default output file name
configure:3615: result: a.out
configure:3621: checking for suffix of executables
configure:3628: gcc -o conftest    conftest.c  >&5
configure:3632: $? = 0
configure:3654: result: 
configure:3676: checking whether we are cross compiling
configure:3684: gcc -o conftest    conftest.c  >&5
configure:3688: $? = 0
configure:3695: ./conftest
configure:3699: $? = 0
configure:3714: result: no
configure:3719: checking for suffix of object files
configure:3741: gcc -c   conftest.c >&5
configure:3745: $? = 0
configure:3766: result: o
configure:3770: checking whether we are using the GNU C compiler
configure:3789: gcc -c   conftest.c >&5
configure:3789: $? = 0
configure:3798: result: yes
configure:3807: checking whether gcc accepts -g
configure:3827: gcc -c -g  conftest.c >&5
configure:3827: $? = 0
configure:3868: result: yes
configure:3885: checking for gcc option to accept ISO C89
configure:3948: gcc  -c -g -O2  conftest.c >&5
configure:3948: $? = 0
configure:3961: result: none needed
configure:3986: checking whether gcc understands -c and -o together
configure:4008: gcc -c conftest.c -o conftest2.o
configure:4011: $? = 0
configure:4008: gcc -c conftest.c -o conftest2.o
configure:4011: $? = 0
configure:4023: result: yes
configure:4051: checking for style of include used by make
configure:4079: result: GNU
configure:4105: checking dependency style of gcc
configure:4216: result: gcc3
configure:4236: checking how to run the C preprocessor
configure:4267: gcc -E  conftest.c
configure:4267: $? = 0
configure:4281: gcc -E  conftest.c
conftest.c:17:10: fatal error: ac_nonexistent.h: No such file or directory
 #include <ac_nonexistent.h>
          ^~~~~~~~~~~~~~~~~~
compilation terminated.
configure:4281: $? = 1
configure: failed program was:
| /* confdefs.h */
| #define PACKAGE_NAME "HDRLDEMO Pipeline"
| #define PACKAGE_TARNAME "hdrldemo"
| #define PACKAGE_VERSION "1.2.0"
| #define PACKAGE_STRING "HDRLDEMO Pipeline 1.2.0"
| #define PACKAGE_BUGREPORT "usd-help@eso.org"
| #define PACKAGE_URL ""
| #define PACKAGE "hdrldemo"
| #define VERSION "1.2.0"
| #define HDRLDEMO_MAJOR_VERSION 1
| #define HDRLDEMO_MINOR_VERSION 2
| #define HDRLDEMO_MICRO_VERSION 0
| #define HDRLDEMO_INTERFACE_AGE 0
| #define HDRLDEMO_BINARY_VERSION 10200
| #define HDRLDEMO_BINARY_AGE 200
| /* end confdefs.h.  */
| #include <ac_nonexistent.h>
configure:4306: result: gcc -E
configure:4326: gcc -E  conftest.c
configure:4326: $? = 0
configure:4340: gcc -E  conftest.c
conftest.c:17:10: fatal error: ac_nonexistent.h: No such file or directory
 #include <ac_nonexistent.h>
          ^~~~~~~~~~~~~~~~~~
compilation terminated.
configure:4340: $? = 1
configure: failed program was:
| /* confdefs.h */
| #define PACKAGE_NAME "HDRLDEMO Pipeline"
| #define PACKAGE_TARNAME "hdrldemo"
| #define PACKAGE_VERSION "1.2.0"
| #define PACKAGE_STRING "HDRLDEMO Pipeline 1.2.0"
| #define PACKAGE_BUGREPORT "usd-help@eso.org"
| #define PACKAGE_URL ""
| #define PACKAGE "hdrldemo"
| #define VERSION "1.2.0"
| #define HDRLDEMO_MAJOR_VERSION 1
| #define HDRLDEMO_MINOR_VERSION 2
| #define HDRLDEMO_MICRO_VERSION 0
| #define HDRLDEMO_INTERFACE_AGE 0
| #define HDRLDEMO_BINARY_VERSION 10200
| #define HDRLDEMO_BINARY_AGE 200
| /* end confdefs.h.  */
| #include <ac_nonexistent.h>
configure:4369: checking whether ln -s works
configure:4373: result: yes
configure:4389: checking for special C compiler options needed for large files
configure:4434: result: no
configure:4440: checking for _FILE_OFFSET_BITS value needed for large files
configure:4465: gcc -c -g -O2  conftest.c >&5
configure:4465: $? = 0
configure:4497: result: no
configure:4594: checking whether debugging code should be created
configure:4601: result: no
configure:4931: checking for grep that handles long lines and -e
configure:4989: result: /bin/grep
configure:4994: checking for egrep
configure:5056: result: /bin/grep -E
configure:5073: checking whether strict compiler options should be used
configure:5080: result: no
configure:5205: checking whether gcc supports -std=c99
configure:5240: result: yes
configure:5255: checking whether gcc supports -Wall
configure:5290: result: yes
configure:5305: checking whether gcc supports -Werror=implicit-function-declaration
configure:5340: result: yes
configure:5367: checking whether openmp compiler options should be used
configure:5374: result: yes
configure:5383: checking whether gcc supports -fopenmp
configure:5418: result: yes
configure:5434: checking whether gcc supports -xopenmp
configure:5469: result: no
configure:5614: checking for doxygen
configure:5647: result: no
configure:5656: checking for latex
configure:5674: found /usr/bin/latex
configure:5686: result: /usr/bin/latex
configure:5815: checking how to print strings
configure:5842: result: printf
configure:5863: checking for a sed that does not truncate output
configure:5927: result: /bin/sed
configure:5945: checking for fgrep
configure:6007: result: /bin/grep -F
configure:6042: checking for ld used by gcc
configure:6109: result: /usr/bin/ld
configure:6116: checking if the linker (/usr/bin/ld) is GNU ld
configure:6131: result: yes
configure:6143: checking for BSD- or MS-compatible name lister (nm)
configure:6197: result: /usr/bin/nm -B
configure:6327: checking the name lister (/usr/bin/nm -B) interface
configure:6334: gcc -c -Werror=implicit-function-declaration -Wall -g -O2 -std=c99 -fopenmp  conftest.c >&5
configure:6337: /usr/bin/nm -B "conftest.o"
configure:6340: output
0000000000000000 B some_variable
configure:6347: result: BSD nm
configure:6351: checking the maximum length of command line arguments
configure:6482: result: 1572864
configure:6530: checking how to convert x86_64-unknown-linux-gnu file names to x86_64-unknown-linux-gnu format
configure:6570: result: func_convert_file_noop
configure:6577: checking how to convert x86_64-unknown-linux-gnu file names to toolchain format
configure:6597: result: func_convert_file_noop
configure:6604: checking for /usr/bin/ld option to reload object files
configure:6611: result: -r
configure:6685: checking for objdump
configure:6701: found /usr/bin/objdump
configure:6712: result: objdump
configure:6744: checking how to recognize dependent libraries
configure:6944: result: pass_all
configure:7029: checking for dlltool
configure:7059: result: no
configure:7089: checking how to associate runtime and link libraries
configure:7116: result: printf %s\n
configure:7176: checking for ar
configure:7192: found /usr/bin/ar
configure:7203: result: ar
configure:7240: checking for archiver @FILE support
configure:7257: gcc -c -Werror=implicit-function-declaration -Wall -g -O2 -std=c99 -fopenmp  conftest.c >&5
configure:7257: $? = 0
configure:7260: ar cru libconftest.a @conftest.lst >&5
ar: `u' modifier ignored since `D' is the default (see `U')
configure:7263: $? = 0
configure:7268: ar cru libconftest.a @conftest.lst >&5
ar: `u' modifier ignored since `D' is the default (see `U')
ar: conftest.o: No such file or directory
configure:7271: $? = 1
configure:7283: result: @
configure:7341: checking for strip
configure:7357: found /usr/bin/strip
configure:7368: result: strip
configure:7440: checking for ranlib
configure:7456: found /usr/bin/ranlib
configure:7467: result: ranlib
configure:7569: checking command to parse /usr/bin/nm -B output from gcc object
configure:7722: gcc -c -Werror=implicit-function-declaration -Wall -g -O2 -std=c99 -fopenmp  conftest.c >&5
configure:7725: $? = 0
configure:7729: /usr/bin/nm -B conftest.o \| sed -n -e 's/^.*[ ]\([ABCDGIRSTW][ABCDGIRSTW]*\)[ ][ ]*\([_A-Za-z][_A-Za-z0-9]*\)$/\1 \2 \2/p' | sed '/ __gnu_lto/d' \> conftest.nm
configure:7732: $? = 0
configure:7798: gcc -o conftest -Werror=implicit-function-declaration -Wall -g -O2 -std=c99 -fopenmp   -fopenmp conftest.c conftstm.o >&5
configure:7801: $? = 0
configure:7839: result: ok
configure:7886: checking for sysroot
configure:7916: result: no
configure:7923: checking for a working dd
configure:7961: result: /bin/dd
configure:7965: checking how to truncate binary pipes
configure:7980: result: /bin/dd bs=4096 count=1
configure:8116: gcc -c -Werror=implicit-function-declaration -Wall -g -O2 -std=c99 -fopenmp  conftest.c >&5
configure:8119: $? = 0
configure:8309: checking for mt
configure:8325: found /bin/mt
configure:8336: result: mt
configure:8359: checking if mt is a manifest tool
configure:8365: mt '-?'
configure:8373: result: no
configure:9046: checking for ANSI C header files
configure:9066: gcc -c -Werror=implicit-function-declaration -Wall -g -O2 -std=c99 -fopenmp  conftest.c >&5
configure:9066: $? = 0
configure:9139: gcc -o conftest -Werror=implicit-function-declaration -Wall -g -O2 -std=c99 -fopenmp   -fopenmp conftest.c  >&5
configure:9139: $? = 0
configure:9139: ./conftest
configure:9139: $? = 0
configure:9150: result: yes
configure:9163: checking for sys/types.h
configure:9163: gcc -c -Werror=implicit-function-declaration -Wall -g -O2 -std=c99 -fopenmp  conftest.c >&5
configure:9163: $? = 0
configure:9163: result: yes
configure:9163: checking for sys/stat.h
configure:9163: gcc -c -Werror=implicit-function-declaration -Wall -g -O2 -std=c99 -fopenmp  conftest.c >&5
configure:9163: $? = 0
configure:9163: result: yes
configure:9163: checking for stdlib.h
configure:9163: gcc -c -Werror=implicit-function-declaration -Wall -g -O2 -std=c99 -fopenmp  conftest.c >&5
configure:9163: $? = 0
configure:9163: result: yes
configure:9163: checking for string.h
configure:9163: gcc -c -Werror=implicit-function-declaration -Wall -g -O2 -std=c99 -fopenmp  conftest.c >&5
configure:9163: $? = 0
configure:9163: result: yes
configure:9163: checking for memory.h
configure:9163: gcc -c -Werror=implicit-function-declaration -Wall -g -O2 -std=c99 -fopenmp  conftest.c >&5
configure:9163: $? = 0
configure:9163: result: yes
configure:9163: checking for strings.h
configure:9163: gcc -c -Werror=implicit-function-declaration -Wall -g -O2 -std=c99 -fopenmp  conftest.c >&5
configure:9163: $? = 0
configure:9163: result: yes
configure:9163: checking for inttypes.h
configure:9163: gcc -c -Werror=implicit-function-declaration -Wall -g -O2 -std=c99 -fopenmp  conftest.c >&5
configure:9163: $? = 0
configure:9163: result: yes
configure:9163: checking for stdint.h
configure:9163: gcc -c -Werror=implicit-function-declaration -Wall -g -O2 -std=c99 -fopenmp  conftest.c >&5
configure:9163: $? = 0
configure:9163: result: yes
configure:9163: checking for unistd.h
configure:9163: gcc -c -Werror=implicit-function-declaration -Wall -g -O2 -std=c99 -fopenmp  conftest.c >&5
configure:9163: $? = 0
configure:9163: result: yes
configure:9177: checking for dlfcn.h
configure:9177: gcc -c -Werror=implicit-function-declaration -Wall -g -O2 -std=c99 -fopenmp  conftest.c >&5
configure:9177: $? = 0
configure:9177: result: yes
configure:9373: checking for objdir
configure:9388: result: .libs
configure:9652: checking if gcc supports -fno-rtti -fno-exceptions
configure:9670: gcc -c -Werror=implicit-function-declaration -Wall -g -O2 -std=c99 -fopenmp  -fno-rtti -fno-exceptions conftest.c >&5
cc1: warning: command line option '-fno-rtti' is valid for C++/ObjC++ but not for C
configure:9674: $? = 0
configure:9687: result: no
configure:10045: checking for gcc option to produce PIC
configure:10052: result: -fPIC -DPIC
configure:10060: checking if gcc PIC flag -fPIC -DPIC works
configure:10078: gcc -c -Werror=implicit-function-declaration -Wall -g -O2 -std=c99 -fopenmp  -fPIC -DPIC -DPIC conftest.c >&5
configure:10082: $? = 0
configure:10095: result: yes
configure:10124: checking if gcc static flag -static works
configure:10152: result: yes
configure:10167: checking if gcc supports -c -o file.o
configure:10188: gcc -c -Werror=implicit-function-declaration -Wall -g -O2 -std=c99 -fopenmp  -o out/conftest2.o conftest.c >&5
configure:10192: $? = 0
configure:10214: result: yes
configure:10222: checking if gcc supports -c -o file.o
configure:10269: result: yes
configure:10302: checking whether the gcc linker (/usr/bin/ld -m elf_x86_64) supports shared libraries
configure:11561: result: yes
configure:11598: checking whether -lc should be explicitly linked in
configure:11606: gcc -c -Werror=implicit-function-declaration -Wall -g -O2 -std=c99 -fopenmp  conftest.c >&5
configure:11609: $? = 0
configure:11624: gcc -shared  -fPIC -DPIC conftest.o  -v -Wl,-soname -Wl,conftest -o conftest 2\>\&1 \| /bin/grep  -lc  \>/dev/null 2\>\&1
configure:11627: $? = 0
configure:11641: result: no
configure:11801: checking dynamic linker characteristics
configure:12382: gcc -o conftest -Werror=implicit-function-declaration -Wall -g -O2 -std=c99 -fopenmp   -fopenmp -Wl,-rpath -Wl,/foo conftest.c  >&5
configure:12382: $? = 0
configure:12622: result: GNU/Linux ld.so
configure:12744: checking how to hardcode library paths into programs
configure:12769: result: immediate
configure:13317: checking whether stripping libraries is possible
configure:13322: result: yes
configure:13357: checking if libtool supports shared libraries
configure:13359: result: yes
configure:13362: checking whether to build shared libraries
configure:13387: result: yes
configure:13390: checking whether to build static libraries
configure:13394: result: no
configure:13434: checking for ANSI C header files
configure:13538: result: yes
configure:13548: checking for string.h
configure:13548: result: yes
configure:13560: checking for an ANSI C-conforming const
configure:13626: gcc -c -Werror=implicit-function-declaration -Wall -g -O2 -std=c99 -fopenmp  conftest.c >&5
configure:13626: $? = 0
configure:13633: result: yes
configure:13641: checking for inline
configure:13657: gcc -c -Werror=implicit-function-declaration -Wall -g -O2 -std=c99 -fopenmp  conftest.c >&5
configure:13657: $? = 0
configure:13665: result: inline
configure:13688: checking for CPL
configure:13734: checking checking for cpl
configure:13766: gcc -o conftest    conftest.c -lcplcore >&5
conftest.c:31:10: fatal error: cpl.h: No such file or directory
 #include <cpl.h>
          ^~~~~~~
compilation terminated.
configure:13766: $? = 1
configure: failed program was:
| /* confdefs.h */
| #define PACKAGE_NAME "HDRLDEMO Pipeline"
| #define PACKAGE_TARNAME "hdrldemo"
| #define PACKAGE_VERSION "1.2.0"
| #define PACKAGE_STRING "HDRLDEMO Pipeline 1.2.0"
| #define PACKAGE_BUGREPORT "usd-help@eso.org"
| #define PACKAGE_URL ""
| #define PACKAGE "hdrldemo"
| #define VERSION "1.2.0"
| #define HDRLDEMO_MAJOR_VERSION 1
| #define HDRLDEMO_MINOR_VERSION 2
| #define HDRLDEMO_MICRO_VERSION 0
| #define HDRLDEMO_INTERFACE_AGE 0
| #define HDRLDEMO_BINARY_VERSION 10200
| #define HDRLDEMO_BINARY_AGE 200
| #define STDC_HEADERS 1
| #define HAVE_SYS_TYPES_H 1
| #define HAVE_SYS_STAT_H 1
| #define HAVE_STDLIB_H 1
| #define HAVE_STRING_H 1
| #define HAVE_MEMORY_H 1
| #define HAVE_STRINGS_H 1
| #define HAVE_INTTYPES_H 1
| #define HAVE_STDINT_H 1
| #define HAVE_UNISTD_H 1
| #define HAVE_DLFCN_H 1
| #define LT_OBJDIR ".libs/"
| #define STDC_HEADERS 1
| #define HAVE_STRING_H 1
| /* end confdefs.h.  */
| #include <cpl.h>
| int
| main ()
| {
| cpl_init(0);
|   ;
|   return 0;
| }
configure:13775: error: CPL not found

## ---------------- ##
## Cache variables. ##
## ---------------- ##

ac_cv_build=x86_64-unknown-linux-gnu
ac_cv_c_compiler_gnu=yes
ac_cv_c_const=yes
ac_cv_c_inline=inline
ac_cv_env_CC_set=
ac_cv_env_CC_value=
ac_cv_env_CFLAGS_set=
ac_cv_env_CFLAGS_value=
ac_cv_env_CPPFLAGS_set=
ac_cv_env_CPPFLAGS_value=
ac_cv_env_CPP_set=
ac_cv_env_CPP_value=
ac_cv_env_DOXYGEN_set=
ac_cv_env_DOXYGEN_value=
ac_cv_env_LATEX_set=
ac_cv_env_LATEX_value=
ac_cv_env_LDFLAGS_set=
ac_cv_env_LDFLAGS_value=
ac_cv_env_LIBS_set=
ac_cv_env_LIBS_value=
ac_cv_env_LT_SYS_LIBRARY_PATH_set=
ac_cv_env_LT_SYS_LIBRARY_PATH_value=
ac_cv_env_build_alias_set=
ac_cv_env_build_alias_value=
ac_cv_env_host_alias_set=
ac_cv_env_host_alias_value=
ac_cv_env_target_alias_set=
ac_cv_env_target_alias_value=
ac_cv_header_dlfcn_h=yes
ac_cv_header_inttypes_h=yes
ac_cv_header_memory_h=yes
ac_cv_header_stdc=yes
ac_cv_header_stdint_h=yes
ac_cv_header_stdlib_h=yes
ac_cv_header_string_h=yes
ac_cv_header_strings_h=yes
ac_cv_header_sys_stat_h=yes
ac_cv_header_sys_types_h=yes
ac_cv_header_unistd_h=yes
ac_cv_host=x86_64-unknown-linux-gnu
ac_cv_objext=o
ac_cv_path_EGREP='/bin/grep -E'
ac_cv_path_FGREP='/bin/grep -F'
ac_cv_path_GREP=/bin/grep
ac_cv_path_LATEX=/usr/bin/latex
ac_cv_path_SED=/bin/sed
ac_cv_path_install='/usr/bin/install -c'
ac_cv_path_lt_DD=/bin/dd
ac_cv_path_mkdir=/bin/mkdir
ac_cv_prog_AWK=mawk
ac_cv_prog_CPP='gcc -E'
ac_cv_prog_ac_ct_AR=ar
ac_cv_prog_ac_ct_CC=gcc
ac_cv_prog_ac_ct_MANIFEST_TOOL=mt
ac_cv_prog_ac_ct_OBJDUMP=objdump
ac_cv_prog_ac_ct_RANLIB=ranlib
ac_cv_prog_ac_ct_STRIP=strip
ac_cv_prog_cc_c89=
ac_cv_prog_cc_g=yes
ac_cv_prog_make_make_set=yes
ac_cv_sys_file_offset_bits=no
ac_cv_sys_largefile_CC=no
ac_cv_target=x86_64-unknown-linux-gnu
am_cv_CC_dependencies_compiler_type=gcc3
am_cv_make_support_nested_variables=yes
am_cv_prog_cc_c_o=yes
eso_cv_enable_debug=no
eso_cv_enable_openmp=yes
eso_cv_enable_strict=no
eso_cv_prog_cc_Wall=yes
eso_cv_prog_cc_Werror_implicit_function_declaration=yes
eso_cv_prog_cc_fopenmp=yes
eso_cv_prog_cc_std_c99=yes
eso_cv_prog_cc_xopenmp=no
lt_cv_ar_at_file=@
lt_cv_archive_cmds_need_lc=no
lt_cv_deplibs_check_method=pass_all
lt_cv_file_magic_cmd='$MAGIC_CMD'
lt_cv_file_magic_test_file=
lt_cv_ld_reload_flag=-r
lt_cv_nm_interface='BSD nm'
lt_cv_objdir=.libs
lt_cv_path_LD=/usr/bin/ld
lt_cv_path_NM='/usr/bin/nm -B'
lt_cv_path_mainfest_tool=no
lt_cv_prog_compiler_c_o=yes
lt_cv_prog_compiler_pic='-fPIC -DPIC'
lt_cv_prog_compiler_pic_works=yes
lt_cv_prog_compiler_rtti_exceptions=no
lt_cv_prog_compiler_static_works=yes
lt_cv_prog_gnu_ld=yes
lt_cv_sharedlib_from_linklib_cmd='printf %s\n'
lt_cv_shlibpath_overrides_runpath=yes
lt_cv_sys_global_symbol_pipe='sed -n -e '\''s/^.*[	 ]\([ABCDGIRSTW][ABCDGIRSTW]*\)[	 ][	 ]*\([_A-Za-z][_A-Za-z0-9]*\)$/\1 \2 \2/p'\'' | sed '\''/ __gnu_lto/d'\'''
lt_cv_sys_global_symbol_to_c_name_address='sed -n -e '\''s/^: \(.*\) .*$/  {"\1", (void *) 0},/p'\'' -e '\''s/^[ABCDGIRSTW][ABCDGIRSTW]* .* \(.*\)$/  {"\1", (void *) \&\1},/p'\'''
lt_cv_sys_global_symbol_to_c_name_address_lib_prefix='sed -n -e '\''s/^: \(.*\) .*$/  {"\1", (void *) 0},/p'\'' -e '\''s/^[ABCDGIRSTW][ABCDGIRSTW]* .* \(lib.*\)$/  {"\1", (void *) \&\1},/p'\'' -e '\''s/^[ABCDGIRSTW][ABCDGIRSTW]* .* \(.*\)$/  {"lib\1", (void *) \&\1},/p'\'''
lt_cv_sys_global_symbol_to_cdecl='sed -n -e '\''s/^T .* \(.*\)$/extern int \1();/p'\'' -e '\''s/^[ABCDGIRSTW][ABCDGIRSTW]* .* \(.*\)$/extern char \1;/p'\'''
lt_cv_sys_global_symbol_to_import=
lt_cv_sys_max_cmd_len=1572864
lt_cv_to_host_file_cmd=func_convert_file_noop
lt_cv_to_tool_file_cmd=func_convert_file_noop
lt_cv_truncate_bin='/bin/dd bs=4096 count=1'

## ----------------- ##
## Output variables. ##
## ----------------- ##

ACLOCAL='${SHELL} /home/ydallilar/Documents/NIX/scripts/NIX_Testing/hdrldemo-1.2.0/admin/missing aclocal-1.15'
AMDEPBACKSLASH='\'
AMDEP_FALSE='#'
AMDEP_TRUE=''
AMTAR='$${TAR-tar}'
AM_BACKSLASH='\'
AM_DEFAULT_V='$(AM_DEFAULT_VERBOSITY)'
AM_DEFAULT_VERBOSITY='1'
AM_V='$(V)'
AR='ar'
AUTOCONF='${SHELL} /home/ydallilar/Documents/NIX/scripts/NIX_Testing/hdrldemo-1.2.0/admin/missing autoconf'
AUTOHEADER='${SHELL} /home/ydallilar/Documents/NIX/scripts/NIX_Testing/hdrldemo-1.2.0/admin/missing autoheader'
AUTOMAKE='${SHELL} /home/ydallilar/Documents/NIX/scripts/NIX_Testing/hdrldemo-1.2.0/admin/missing automake-1.15'
AWK='mawk'
CC='gcc'
CCDEPMODE='depmode=gcc3'
CFLAGS=''
CPL_INCLUDES=''
CPL_LDFLAGS=''
CPP='gcc -E'
CPPFLAGS=''
CYGPATH_W='echo'
DEFS=''
DEPDIR='.deps'
DLLTOOL='false'
DOXYGEN=':'
DSYMUTIL=''
DUMPBIN=''
ECHO_C=''
ECHO_N='-n'
ECHO_T=''
EGREP='/bin/grep -E'
ESO_DEBUG_FLAGS='-DNDEBUG'
EXEEXT=''
FGREP='/bin/grep -F'
GREP='/bin/grep'
GSL_INCLUDES=''
GSL_LDFLAGS=''
GSL_LIBS=''
HDRLDEMO_BINARY_AGE='200'
HDRLDEMO_BINARY_VERSION='10200'
HDRLDEMO_INCLUDES=''
HDRLDEMO_INTERFACE_AGE='0'
HDRLDEMO_LDFLAGS=''
HDRLDEMO_MAJOR_VERSION='1'
HDRLDEMO_MICRO_VERSION='0'
HDRLDEMO_MINOR_VERSION='2'
HDRLDEMO_VERSION='1.2.0'
HDRL_INCLUDES=''
HDRL_INTERNAL_CFLAGS=''
HDRL_LDFLAGS=''
HDRL_LIBS=''
INSTALL_DATA='${INSTALL} -m 644'
INSTALL_PROGRAM='${INSTALL}'
INSTALL_SCRIPT='${INSTALL}'
INSTALL_STRIP_PROGRAM='$(install_sh) -c -s'
LATEX='/usr/bin/latex'
LD='/usr/bin/ld -m elf_x86_64'
LDFLAGS=''
LIBCEXT=''
LIBCPLCORE=''
LIBCPLDFS=''
LIBCPLDRS=''
LIBCPLUI=''
LIBHDRL=''
LIBHDRLDEMO=''
LIBOBJS=''
LIBS='-lcplcore'
LIBTOOL='$(SHELL) $(top_builddir)/libtool'
LIBTOOL_DEPS='admin/ltmain.sh'
LIPO=''
LN_S='ln -s'
LTLIBOBJS=''
LT_AGE='0'
LT_CURRENT='0'
LT_REVISION='0'
LT_SYS_LIBRARY_PATH=''
MAINT=''
MAINTAINER_MODE_FALSE='#'
MAINTAINER_MODE_TRUE=''
MAKEINFO='${SHELL} /home/ydallilar/Documents/NIX/scripts/NIX_Testing/hdrldemo-1.2.0/admin/missing makeinfo'
MANIFEST_TOOL=':'
MKDIR_P='/bin/mkdir -p'
NM='/usr/bin/nm -B'
NMEDIT=''
OBJDUMP='objdump'
OBJEXT='o'
OTOOL64=''
OTOOL=''
PACKAGE='hdrldemo'
PACKAGE_BUGREPORT='usd-help@eso.org'
PACKAGE_NAME='HDRLDEMO Pipeline'
PACKAGE_STRING='HDRLDEMO Pipeline 1.2.0'
PACKAGE_TARNAME='hdrldemo'
PACKAGE_URL=''
PACKAGE_VERSION='1.2.0'
PATH_SEPARATOR=':'
RANLIB='ranlib'
SED='/bin/sed'
SET_MAKE=''
SHELL='/bin/bash'
STRIP='strip'
VERSION='1.2.0'
ac_ct_AR='ar'
ac_ct_CC='gcc'
ac_ct_DUMPBIN=''
all_includes=''
all_ldflags=''
am__EXEEXT_FALSE=''
am__EXEEXT_TRUE=''
am__fastdepCC_FALSE='#'
am__fastdepCC_TRUE=''
am__include='include'
am__isrc=''
am__leading_dot='.'
am__nodep='_no'
am__quote=''
am__tar='$${TAR-tar} chof - "$$tardir"'
am__untar='$${TAR-tar} xf -'
apidocdir=''
bindir='${exec_prefix}/bin'
build='x86_64-unknown-linux-gnu'
build_alias=''
build_cpu='x86_64'
build_os='linux-gnu'
build_vendor='unknown'
configdir=''
datadir='${datarootdir}'
datarootdir='${prefix}/share'
docdir='${datarootdir}/doc/${PACKAGE_TARNAME}'
dvidir='${docdir}'
exec_prefix='/home/ydallilar/.software/local--with-cpl=/home/ydallilar/.software/local'
host='x86_64-unknown-linux-gnu'
host_alias=''
host_cpu='x86_64'
host_os='linux-gnu'
host_vendor='unknown'
htmldir='${docdir}'
includedir='${prefix}/include'
infodir='${datarootdir}/info'
install_sh='${SHELL} /home/ydallilar/Documents/NIX/scripts/NIX_Testing/hdrldemo-1.2.0/admin/install-sh'
libdir='${exec_prefix}/lib'
libexecdir='${exec_prefix}/libexec'
localedir='${datarootdir}/locale'
localstatedir='${prefix}/var'
mandir='${datarootdir}/man'
mkdir_p='$(MKDIR_P)'
oldincludedir='/usr/include'
pdfdir='${docdir}'
pipedocsdir=''
plugindir=''
prefix='/home/ydallilar/.software/local--with-cpl=/home/ydallilar/.software/local'
privatelibdir=''
program_transform_name='s,x,x,'
psdir='${docdir}'
sbindir='${exec_prefix}/sbin'
sharedstatedir='${prefix}/com'
subdirs=' hdrl'
sysconfdir='${prefix}/etc'
target='x86_64-unknown-linux-gnu'
target_alias=''
target_cpu='x86_64'
target_os='linux-gnu'
target_vendor='unknown'
wkfcopydir=''
wkfextradir=''

## ----------- ##
## confdefs.h. ##
## ----------- ##

/* confdefs.h */
#define PACKAGE_NAME "HDRLDEMO Pipeline"
#define PACKAGE_TARNAME "hdrldemo"
#define PACKAGE_VERSION "1.2.0"
#define PACKAGE_STRING "HDRLDEMO Pipeline 1.2.0"
#define PACKAGE_BUGREPORT "usd-help@eso.org"
#define PACKAGE_URL ""
#define PACKAGE "hdrldemo"
#define VERSION "1.2.0"
#define HDRLDEMO_MAJOR_VERSION 1
#define HDRLDEMO_MINOR_VERSION 2
#define HDRLDEMO_MICRO_VERSION 0
#define HDRLDEMO_INTERFACE_AGE 0
#define HDRLDEMO_BINARY_VERSION 10200
#define HDRLDEMO_BINARY_AGE 200
#define STDC_HEADERS 1
#define HAVE_SYS_TYPES_H 1
#define HAVE_SYS_STAT_H 1
#define HAVE_STDLIB_H 1
#define HAVE_STRING_H 1
#define HAVE_MEMORY_H 1
#define HAVE_STRINGS_H 1
#define HAVE_INTTYPES_H 1
#define HAVE_STDINT_H 1
#define HAVE_UNISTD_H 1
#define HAVE_DLFCN_H 1
#define LT_OBJDIR ".libs/"
#define STDC_HEADERS 1
#define HAVE_STRING_H 1

configure: exit 1
