This file contains any messages produced by compilers while
running configure, to aid debugging if configure makes a mistake.

It was created by HDRL Pipeline configure 1.2.0, which was
generated by GNU Autoconf 2.69.  Invocation command line was

  $ ./configure --disable-option-checking --prefix=/home/ydallilar/.software/local --with-cpl=/home/ydallilar/.software/local --with-gsl=/home/ydallilar/.software/local --cache-file=/dev/null --srcdir=.

## --------- ##
## Platform. ##
## --------- ##

hostname = pcir42
uname -m = x86_64
uname -r = 4.15.0-64-generic
uname -s = Linux
uname -v = #73-Ubuntu SMP Thu Sep 12 13:16:13 UTC 2019

/usr/bin/uname -p = unknown
/bin/uname -X     = unknown

/bin/arch              = unknown
/usr/bin/arch -k       = unknown
/usr/convex/getsysinfo = unknown
/usr/bin/hostinfo      = unknown
/bin/machine           = unknown
/usr/bin/oslevel       = unknown
/bin/universe          = unknown

PATH: /home/ydallilar/.miniconda2/condabin
PATH: /usr/local/sbin
PATH: /usr/local/bin
PATH: /usr/sbin
PATH: /usr/bin
PATH: /sbin
PATH: /bin
PATH: /usr/games
PATH: /usr/local/games
PATH: /snap/bin
PATH: /afs/mpe/common/sbin
PATH: /afs/mpe/common/bin
PATH: /afs/mpe/@sys/bin
PATH: /home/ydallilar/.software/local/bin


## ----------- ##
## Core tests. ##
## ----------- ##

configure:2379: checking build system type
configure:2393: result: x86_64-unknown-linux-gnu
configure:2413: checking host system type
configure:2426: result: x86_64-unknown-linux-gnu
configure:2446: checking target system type
configure:2459: result: x86_64-unknown-linux-gnu
configure:2502: checking for a BSD-compatible install
configure:2570: result: /usr/bin/install -c
configure:2581: checking whether build environment is sane
configure:2636: result: yes
configure:2787: checking for a thread-safe mkdir -p
configure:2826: result: /bin/mkdir -p
configure:2833: checking for gawk
configure:2863: result: no
configure:2833: checking for mawk
configure:2849: found /usr/bin/mawk
configure:2860: result: mawk
configure:2871: checking whether make sets $(MAKE)
configure:2893: result: yes
configure:2922: checking whether make supports nested variables
configure:2939: result: yes
configure:3069: checking whether to enable maintainer-specific portions of Makefiles
configure:3078: result: yes
configure:3253: checking for gcc
configure:3269: found /usr/bin/gcc
configure:3280: result: gcc
configure:3509: checking for C compiler version
configure:3518: gcc --version >&5
gcc (Ubuntu 7.4.0-1ubuntu1~18.04.1) 7.4.0
Copyright (C) 2017 Free Software Foundation, Inc.
This is free software; see the source for copying conditions.  There is NO
warranty; not even for MERCHANTABILITY or FITNESS FOR A PARTICULAR PURPOSE.

configure:3529: $? = 0
configure:3518: gcc -v >&5
Using built-in specs.
COLLECT_GCC=gcc
COLLECT_LTO_WRAPPER=/usr/lib/gcc/x86_64-linux-gnu/7/lto-wrapper
OFFLOAD_TARGET_NAMES=nvptx-none
OFFLOAD_TARGET_DEFAULT=1
Target: x86_64-linux-gnu
Configured with: ../src/configure -v --with-pkgversion='Ubuntu 7.4.0-1ubuntu1~18.04.1' --with-bugurl=file:///usr/share/doc/gcc-7/README.Bugs --enable-languages=c,ada,c++,go,brig,d,fortran,objc,obj-c++ --prefix=/usr --with-gcc-major-version-only --program-suffix=-7 --program-prefix=x86_64-linux-gnu- --enable-shared --enable-linker-build-id --libexecdir=/usr/lib --without-included-gettext --enable-threads=posix --libdir=/usr/lib --enable-nls --with-sysroot=/ --enable-clocale=gnu --enable-libstdcxx-debug --enable-libstdcxx-time=yes --with-default-libstdcxx-abi=new --enable-gnu-unique-object --disable-vtable-verify --enable-libmpx --enable-plugin --enable-default-pie --with-system-zlib --with-target-system-zlib --enable-objc-gc=auto --enable-multiarch --disable-werror --with-arch-32=i686 --with-abi=m64 --with-multilib-list=m32,m64,mx32 --enable-multilib --with-tune=generic --enable-offload-targets=nvptx-none --without-cuda-driver --enable-checking=release --build=x86_64-linux-gnu --host=x86_64-linux-gnu --target=x86_64-linux-gnu
Thread model: posix
gcc version 7.4.0 (Ubuntu 7.4.0-1ubuntu1~18.04.1) 
configure:3529: $? = 0
configure:3518: gcc -V >&5
gcc: error: unrecognized command line option '-V'
gcc: fatal error: no input files
compilation terminated.
configure:3529: $? = 1
configure:3518: gcc -qversion >&5
gcc: error: unrecognized command line option '-qversion'; did you mean '--version'?
gcc: fatal error: no input files
compilation terminated.
configure:3529: $? = 1
configure:3549: checking whether the C compiler works
configure:3571: gcc    conftest.c  >&5
configure:3575: $? = 0
configure:3623: result: yes
configure:3626: checking for C compiler default output file name
configure:3628: result: a.out
configure:3634: checking for suffix of executables
configure:3641: gcc -o conftest    conftest.c  >&5
configure:3645: $? = 0
configure:3667: result: 
configure:3689: checking whether we are cross compiling
configure:3697: gcc -o conftest    conftest.c  >&5
configure:3701: $? = 0
configure:3708: ./conftest
configure:3712: $? = 0
configure:3727: result: no
configure:3732: checking for suffix of object files
configure:3754: gcc -c   conftest.c >&5
configure:3758: $? = 0
configure:3779: result: o
configure:3783: checking whether we are using the GNU C compiler
configure:3802: gcc -c   conftest.c >&5
configure:3802: $? = 0
configure:3811: result: yes
configure:3820: checking whether gcc accepts -g
configure:3840: gcc -c -g  conftest.c >&5
configure:3840: $? = 0
configure:3881: result: yes
configure:3898: checking for gcc option to accept ISO C89
configure:3961: gcc  -c -g -O2  conftest.c >&5
configure:3961: $? = 0
configure:3974: result: none needed
configure:3999: checking whether gcc understands -c and -o together
configure:4021: gcc -c conftest.c -o conftest2.o
configure:4024: $? = 0
configure:4021: gcc -c conftest.c -o conftest2.o
configure:4024: $? = 0
configure:4036: result: yes
configure:4064: checking for style of include used by make
configure:4092: result: GNU
configure:4118: checking dependency style of gcc
configure:4229: result: gcc3
configure:4249: checking how to run the C preprocessor
configure:4280: gcc -E  conftest.c
configure:4280: $? = 0
configure:4294: gcc -E  conftest.c
conftest.c:17:10: fatal error: ac_nonexistent.h: No such file or directory
 #include <ac_nonexistent.h>
          ^~~~~~~~~~~~~~~~~~
compilation terminated.
configure:4294: $? = 1
configure: failed program was:
| /* confdefs.h */
| #define PACKAGE_NAME "HDRL Pipeline"
| #define PACKAGE_TARNAME "hdrl"
| #define PACKAGE_VERSION "1.2.0"
| #define PACKAGE_STRING "HDRL Pipeline 1.2.0"
| #define PACKAGE_BUGREPORT "usd-help@eso.org"
| #define PACKAGE_URL ""
| #define PACKAGE "hdrl"
| #define VERSION "1.2.0"
| #define HDRL_MAJOR_VERSION 1
| #define HDRL_MINOR_VERSION 2
| #define HDRL_MICRO_VERSION 0
| #define HDRL_INTERFACE_AGE 0
| #define HDRL_BINARY_VERSION 10200
| #define HDRL_BINARY_AGE 200
| /* end confdefs.h.  */
| #include <ac_nonexistent.h>
configure:4319: result: gcc -E
configure:4339: gcc -E  conftest.c
configure:4339: $? = 0
configure:4353: gcc -E  conftest.c
conftest.c:17:10: fatal error: ac_nonexistent.h: No such file or directory
 #include <ac_nonexistent.h>
          ^~~~~~~~~~~~~~~~~~
compilation terminated.
configure:4353: $? = 1
configure: failed program was:
| /* confdefs.h */
| #define PACKAGE_NAME "HDRL Pipeline"
| #define PACKAGE_TARNAME "hdrl"
| #define PACKAGE_VERSION "1.2.0"
| #define PACKAGE_STRING "HDRL Pipeline 1.2.0"
| #define PACKAGE_BUGREPORT "usd-help@eso.org"
| #define PACKAGE_URL ""
| #define PACKAGE "hdrl"
| #define VERSION "1.2.0"
| #define HDRL_MAJOR_VERSION 1
| #define HDRL_MINOR_VERSION 2
| #define HDRL_MICRO_VERSION 0
| #define HDRL_INTERFACE_AGE 0
| #define HDRL_BINARY_VERSION 10200
| #define HDRL_BINARY_AGE 200
| /* end confdefs.h.  */
| #include <ac_nonexistent.h>
configure:4382: checking whether ln -s works
configure:4386: result: yes
configure:4402: checking for special C compiler options needed for large files
configure:4447: result: no
configure:4453: checking for _FILE_OFFSET_BITS value needed for large files
configure:4478: gcc -c -g -O2  conftest.c >&5
configure:4478: $? = 0
configure:4510: result: no
configure:4607: checking whether debugging code should be created
configure:4614: result: no
configure:4944: checking for grep that handles long lines and -e
configure:5002: result: /bin/grep
configure:5007: checking for egrep
configure:5069: result: /bin/grep -E
configure:5086: checking whether strict compiler options should be used
configure:5093: result: no
configure:5218: checking whether gcc supports -pthread
configure:5253: result: yes
configure:5268: checking whether gcc supports -std=c99
configure:5303: result: yes
configure:5318: checking whether gcc supports -Wall
configure:5353: result: yes
configure:5368: checking whether gcc supports -fvisibility=hidden
configure:5403: result: yes
configure:5418: checking whether gcc supports -Werror=implicit-function-declaration
configure:5453: result: yes
configure:5468: checking whether gcc supports -Werror=incompatible-pointer-types
configure:5503: result: yes
configure:5530: checking whether openmp compiler options should be used
configure:5537: result: yes
configure:5546: checking whether gcc supports -fopenmp
configure:5581: result: yes
configure:5597: checking whether gcc supports -xopenmp
configure:5632: result: no
configure:5735: checking for doxygen
configure:5768: result: no
configure:5777: checking for latex
configure:5795: found /usr/bin/latex
configure:5807: result: /usr/bin/latex
configure:5936: checking how to print strings
configure:5963: result: printf
configure:5984: checking for a sed that does not truncate output
configure:6048: result: /bin/sed
configure:6066: checking for fgrep
configure:6128: result: /bin/grep -F
configure:6163: checking for ld used by gcc
configure:6230: result: /usr/bin/ld
configure:6237: checking if the linker (/usr/bin/ld) is GNU ld
configure:6252: result: yes
configure:6264: checking for BSD- or MS-compatible name lister (nm)
configure:6318: result: /usr/bin/nm -B
configure:6448: checking the name lister (/usr/bin/nm -B) interface
configure:6455: gcc -c -Werror=implicit-function-declaration -fvisibility=hidden -Wall -g -O2 -pthread -std=c99 -Werror=incompatible-pointer-types -fopenmp  conftest.c >&5
configure:6458: /usr/bin/nm -B "conftest.o"
configure:6461: output
0000000000000000 B some_variable
configure:6468: result: BSD nm
configure:6472: checking the maximum length of command line arguments
configure:6603: result: 1572864
configure:6651: checking how to convert x86_64-unknown-linux-gnu file names to x86_64-unknown-linux-gnu format
configure:6691: result: func_convert_file_noop
configure:6698: checking how to convert x86_64-unknown-linux-gnu file names to toolchain format
configure:6718: result: func_convert_file_noop
configure:6725: checking for /usr/bin/ld option to reload object files
configure:6732: result: -r
configure:6806: checking for objdump
configure:6822: found /usr/bin/objdump
configure:6833: result: objdump
configure:6865: checking how to recognize dependent libraries
configure:7065: result: pass_all
configure:7150: checking for dlltool
configure:7180: result: no
configure:7210: checking how to associate runtime and link libraries
configure:7237: result: printf %s\n
configure:7297: checking for ar
configure:7313: found /usr/bin/ar
configure:7324: result: ar
configure:7361: checking for archiver @FILE support
configure:7378: gcc -c -Werror=implicit-function-declaration -fvisibility=hidden -Wall -g -O2 -pthread -std=c99 -Werror=incompatible-pointer-types -fopenmp  conftest.c >&5
configure:7378: $? = 0
configure:7381: ar cru libconftest.a @conftest.lst >&5
ar: `u' modifier ignored since `D' is the default (see `U')
configure:7384: $? = 0
configure:7389: ar cru libconftest.a @conftest.lst >&5
ar: `u' modifier ignored since `D' is the default (see `U')
ar: conftest.o: No such file or directory
configure:7392: $? = 1
configure:7404: result: @
configure:7462: checking for strip
configure:7478: found /usr/bin/strip
configure:7489: result: strip
configure:7561: checking for ranlib
configure:7577: found /usr/bin/ranlib
configure:7588: result: ranlib
configure:7690: checking command to parse /usr/bin/nm -B output from gcc object
configure:7843: gcc -c -Werror=implicit-function-declaration -fvisibility=hidden -Wall -g -O2 -pthread -std=c99 -Werror=incompatible-pointer-types -fopenmp  conftest.c >&5
configure:7846: $? = 0
configure:7850: /usr/bin/nm -B conftest.o \| sed -n -e 's/^.*[ ]\([ABCDGIRSTW][ABCDGIRSTW]*\)[ ][ ]*\([_A-Za-z][_A-Za-z0-9]*\)$/\1 \2 \2/p' | sed '/ __gnu_lto/d' \> conftest.nm
configure:7853: $? = 0
configure:7919: gcc -o conftest -Werror=implicit-function-declaration -fvisibility=hidden -Wall -g -O2 -pthread -std=c99 -Werror=incompatible-pointer-types -fopenmp   -fopenmp conftest.c conftstm.o >&5
configure:7922: $? = 0
configure:7960: result: ok
configure:8007: checking for sysroot
configure:8037: result: no
configure:8044: checking for a working dd
configure:8082: result: /bin/dd
configure:8086: checking how to truncate binary pipes
configure:8101: result: /bin/dd bs=4096 count=1
configure:8237: gcc -c -Werror=implicit-function-declaration -fvisibility=hidden -Wall -g -O2 -pthread -std=c99 -Werror=incompatible-pointer-types -fopenmp  conftest.c >&5
configure:8240: $? = 0
configure:8430: checking for mt
configure:8446: found /bin/mt
configure:8457: result: mt
configure:8480: checking if mt is a manifest tool
configure:8486: mt '-?'
configure:8494: result: no
configure:9167: checking for ANSI C header files
configure:9187: gcc -c -Werror=implicit-function-declaration -fvisibility=hidden -Wall -g -O2 -pthread -std=c99 -Werror=incompatible-pointer-types -fopenmp  conftest.c >&5
configure:9187: $? = 0
configure:9260: gcc -o conftest -Werror=implicit-function-declaration -fvisibility=hidden -Wall -g -O2 -pthread -std=c99 -Werror=incompatible-pointer-types -fopenmp   -fopenmp conftest.c  >&5
configure:9260: $? = 0
configure:9260: ./conftest
configure:9260: $? = 0
configure:9271: result: yes
configure:9284: checking for sys/types.h
configure:9284: gcc -c -Werror=implicit-function-declaration -fvisibility=hidden -Wall -g -O2 -pthread -std=c99 -Werror=incompatible-pointer-types -fopenmp  conftest.c >&5
configure:9284: $? = 0
configure:9284: result: yes
configure:9284: checking for sys/stat.h
configure:9284: gcc -c -Werror=implicit-function-declaration -fvisibility=hidden -Wall -g -O2 -pthread -std=c99 -Werror=incompatible-pointer-types -fopenmp  conftest.c >&5
configure:9284: $? = 0
configure:9284: result: yes
configure:9284: checking for stdlib.h
configure:9284: gcc -c -Werror=implicit-function-declaration -fvisibility=hidden -Wall -g -O2 -pthread -std=c99 -Werror=incompatible-pointer-types -fopenmp  conftest.c >&5
configure:9284: $? = 0
configure:9284: result: yes
configure:9284: checking for string.h
configure:9284: gcc -c -Werror=implicit-function-declaration -fvisibility=hidden -Wall -g -O2 -pthread -std=c99 -Werror=incompatible-pointer-types -fopenmp  conftest.c >&5
configure:9284: $? = 0
configure:9284: result: yes
configure:9284: checking for memory.h
configure:9284: gcc -c -Werror=implicit-function-declaration -fvisibility=hidden -Wall -g -O2 -pthread -std=c99 -Werror=incompatible-pointer-types -fopenmp  conftest.c >&5
configure:9284: $? = 0
configure:9284: result: yes
configure:9284: checking for strings.h
configure:9284: gcc -c -Werror=implicit-function-declaration -fvisibility=hidden -Wall -g -O2 -pthread -std=c99 -Werror=incompatible-pointer-types -fopenmp  conftest.c >&5
configure:9284: $? = 0
configure:9284: result: yes
configure:9284: checking for inttypes.h
configure:9284: gcc -c -Werror=implicit-function-declaration -fvisibility=hidden -Wall -g -O2 -pthread -std=c99 -Werror=incompatible-pointer-types -fopenmp  conftest.c >&5
configure:9284: $? = 0
configure:9284: result: yes
configure:9284: checking for stdint.h
configure:9284: gcc -c -Werror=implicit-function-declaration -fvisibility=hidden -Wall -g -O2 -pthread -std=c99 -Werror=incompatible-pointer-types -fopenmp  conftest.c >&5
configure:9284: $? = 0
configure:9284: result: yes
configure:9284: checking for unistd.h
configure:9284: gcc -c -Werror=implicit-function-declaration -fvisibility=hidden -Wall -g -O2 -pthread -std=c99 -Werror=incompatible-pointer-types -fopenmp  conftest.c >&5
configure:9284: $? = 0
configure:9284: result: yes
configure:9298: checking for dlfcn.h
configure:9298: gcc -c -Werror=implicit-function-declaration -fvisibility=hidden -Wall -g -O2 -pthread -std=c99 -Werror=incompatible-pointer-types -fopenmp  conftest.c >&5
configure:9298: $? = 0
configure:9298: result: yes
configure:9494: checking for objdir
configure:9509: result: .libs
configure:9773: checking if gcc supports -fno-rtti -fno-exceptions
configure:9791: gcc -c -Werror=implicit-function-declaration -fvisibility=hidden -Wall -g -O2 -pthread -std=c99 -Werror=incompatible-pointer-types -fopenmp  -fno-rtti -fno-exceptions conftest.c >&5
cc1: warning: command line option '-fno-rtti' is valid for C++/ObjC++ but not for C
configure:9795: $? = 0
configure:9808: result: no
configure:10166: checking for gcc option to produce PIC
configure:10173: result: -fPIC -DPIC
configure:10181: checking if gcc PIC flag -fPIC -DPIC works
configure:10199: gcc -c -Werror=implicit-function-declaration -fvisibility=hidden -Wall -g -O2 -pthread -std=c99 -Werror=incompatible-pointer-types -fopenmp  -fPIC -DPIC -DPIC conftest.c >&5
configure:10203: $? = 0
configure:10216: result: yes
configure:10245: checking if gcc static flag -static works
configure:10273: result: yes
configure:10288: checking if gcc supports -c -o file.o
configure:10309: gcc -c -Werror=implicit-function-declaration -fvisibility=hidden -Wall -g -O2 -pthread -std=c99 -Werror=incompatible-pointer-types -fopenmp  -o out/conftest2.o conftest.c >&5
configure:10313: $? = 0
configure:10335: result: yes
configure:10343: checking if gcc supports -c -o file.o
configure:10390: result: yes
configure:10423: checking whether the gcc linker (/usr/bin/ld -m elf_x86_64) supports shared libraries
configure:11682: result: yes
configure:11719: checking whether -lc should be explicitly linked in
configure:11727: gcc -c -Werror=implicit-function-declaration -fvisibility=hidden -Wall -g -O2 -pthread -std=c99 -Werror=incompatible-pointer-types -fopenmp  conftest.c >&5
configure:11730: $? = 0
configure:11745: gcc -shared  -fPIC -DPIC conftest.o  -v -Wl,-soname -Wl,conftest -o conftest 2\>\&1 \| /bin/grep  -lc  \>/dev/null 2\>\&1
configure:11748: $? = 0
configure:11762: result: no
configure:11922: checking dynamic linker characteristics
configure:12503: gcc -o conftest -Werror=implicit-function-declaration -fvisibility=hidden -Wall -g -O2 -pthread -std=c99 -Werror=incompatible-pointer-types -fopenmp   -fopenmp -Wl,-rpath -Wl,/foo conftest.c  >&5
configure:12503: $? = 0
configure:12743: result: GNU/Linux ld.so
configure:12865: checking how to hardcode library paths into programs
configure:12890: result: immediate
configure:13438: checking whether stripping libraries is possible
configure:13443: result: yes
configure:13478: checking if libtool supports shared libraries
configure:13480: result: yes
configure:13483: checking whether to build shared libraries
configure:13508: result: yes
configure:13511: checking whether to build static libraries
configure:13515: result: no
configure:13555: checking for ANSI C header files
configure:13659: result: yes
configure:13669: checking for string.h
configure:13669: result: yes
configure:13681: checking for an ANSI C-conforming const
configure:13747: gcc -c -Werror=implicit-function-declaration -fvisibility=hidden -Wall -g -O2 -pthread -std=c99 -Werror=incompatible-pointer-types -fopenmp  conftest.c >&5
configure:13747: $? = 0
configure:13754: result: yes
configure:13762: checking for inline
configure:13778: gcc -c -Werror=implicit-function-declaration -fvisibility=hidden -Wall -g -O2 -pthread -std=c99 -Werror=incompatible-pointer-types -fopenmp  conftest.c >&5
configure:13778: $? = 0
configure:13786: result: inline
configure:13806: checking for sqrt in -lm
configure:13831: gcc -o conftest -Werror=implicit-function-declaration -fvisibility=hidden -Wall -g -O2 -pthread -std=c99 -Werror=incompatible-pointer-types -fopenmp   -fopenmp conftest.c -lm   >&5
conftest.c:38:6: warning: conflicting types for built-in function 'sqrt' [-Wbuiltin-declaration-mismatch]
 char sqrt ();
      ^~~~
configure:13831: $? = 0
configure:13840: result: yes
configure:13854: checking for floor
configure:13854: gcc -o conftest -Werror=implicit-function-declaration -fvisibility=hidden -Wall -g -O2 -pthread -std=c99 -Werror=incompatible-pointer-types -fopenmp   -fopenmp conftest.c -lm  >&5
conftest.c:55:6: warning: conflicting types for built-in function 'floor' [-Wbuiltin-declaration-mismatch]
 char floor ();
      ^~~~~
configure:13854: $? = 0
configure:13854: result: yes
configure:13854: checking for pow
configure:13854: gcc -o conftest -Werror=implicit-function-declaration -fvisibility=hidden -Wall -g -O2 -pthread -std=c99 -Werror=incompatible-pointer-types -fopenmp   -fopenmp conftest.c -lm  >&5
conftest.c:56:6: warning: conflicting types for built-in function 'pow' [-Wbuiltin-declaration-mismatch]
 char pow ();
      ^~~
configure:13854: $? = 0
configure:13854: result: yes
configure:13854: checking for sqrt
configure:13854: gcc -o conftest -Werror=implicit-function-declaration -fvisibility=hidden -Wall -g -O2 -pthread -std=c99 -Werror=incompatible-pointer-types -fopenmp   -fopenmp conftest.c -lm  >&5
conftest.c:57:6: warning: conflicting types for built-in function 'sqrt' [-Wbuiltin-declaration-mismatch]
 char sqrt ();
      ^~~~
configure:13854: $? = 0
configure:13854: result: yes
configure:13876: checking whether strdup is declared
configure:13876: gcc -c -Werror=implicit-function-declaration -fvisibility=hidden -Wall -g -O2 -pthread -std=c99 -Werror=incompatible-pointer-types -fopenmp  conftest.c >&5
conftest.c: In function 'main':
conftest.c:44:10: error: 'strdup' undeclared (first use in this function); did you mean 'strcmp'?
   (void) strdup;
          ^~~~~~
          strcmp
conftest.c:44:10: note: each undeclared identifier is reported only once for each function it appears in
configure:13876: $? = 1
configure: failed program was:
| /* confdefs.h */
| #define PACKAGE_NAME "HDRL Pipeline"
| #define PACKAGE_TARNAME "hdrl"
| #define PACKAGE_VERSION "1.2.0"
| #define PACKAGE_STRING "HDRL Pipeline 1.2.0"
| #define PACKAGE_BUGREPORT "usd-help@eso.org"
| #define PACKAGE_URL ""
| #define PACKAGE "hdrl"
| #define VERSION "1.2.0"
| #define HDRL_MAJOR_VERSION 1
| #define HDRL_MINOR_VERSION 2
| #define HDRL_MICRO_VERSION 0
| #define HDRL_INTERFACE_AGE 0
| #define HDRL_BINARY_VERSION 10200
| #define HDRL_BINARY_AGE 200
| #define STDC_HEADERS 1
| #define HAVE_SYS_TYPES_H 1
| #define HAVE_SYS_STAT_H 1
| #define HAVE_STDLIB_H 1
| #define HAVE_STRING_H 1
| #define HAVE_MEMORY_H 1
| #define HAVE_STRINGS_H 1
| #define HAVE_INTTYPES_H 1
| #define HAVE_STDINT_H 1
| #define HAVE_UNISTD_H 1
| #define HAVE_DLFCN_H 1
| #define LT_OBJDIR ".libs/"
| #define STDC_HEADERS 1
| #define HAVE_STRING_H 1
| #define HAVE_LIBM 1
| #define HAVE_FLOOR 1
| #define HAVE_POW 1
| #define HAVE_SQRT 1
| /* end confdefs.h.  */
| #include <string.h>
| 
| int
| main ()
| {
| #ifndef strdup
| #ifdef __cplusplus
|   (void) strdup;
| #else
|   (void) strdup;
| #endif
| #endif
| 
|   ;
|   return 0;
| }
configure:13876: result: no
configure:13889: checking for strdup
configure:13889: gcc -o conftest -Werror=implicit-function-declaration -fvisibility=hidden -Wall -g -O2 -pthread -std=c99 -Werror=incompatible-pointer-types -fopenmp -pedantic-errors   -fopenmp conftest.c -lm  >&5
configure:13889: $? = 0
configure:13889: result: yes
configure:13918: checking for CPL
configure:13964: checking checking for cpl
configure:13996: gcc -o conftest -I/home/ydallilar/.software/local/include  -L/home/ydallilar/.software/local/lib -L/home/ydallilar/.software/local/lib64 -L/home/ydallilar/.software/local/lib32 conftest.c -lcplcore >&5
configure:13996: $? = 0
configure:13998: result: yes
configure:14050: checking for GSL
configure:14123: gcc -o conftest -I/home/ydallilar/.software/local/include  -L/home/ydallilar/.software/local/lib -L/home/ydallilar/.software/local/lib64 -L/home/ydallilar/.software/local/lib32 conftest.c -lgsl -lgslcblas >&5
configure:14123: $? = 0
configure:14125: result: yes
configure:14200: checking if malloc debugging is wanted
configure:14218: result: no
configure:14338: checking that generated files are newer than configure
configure:14344: result: done
configure:14375: creating ./config.status

## ---------------------- ##
## Running config.status. ##
## ---------------------- ##

This file was extended by HDRL Pipeline config.status 1.2.0, which was
generated by GNU Autoconf 2.69.  Invocation command line was

  CONFIG_FILES    = 
  CONFIG_HEADERS  = 
  CONFIG_LINKS    = 
  CONFIG_COMMANDS = 
  $ ./config.status 

on pcir42

config.status:1138: creating Makefile
config.status:1138: creating tests/Makefile
config.status:1138: creating catalogue/Makefile
config.status:1138: creating catalogue/tests/Makefile
config.status:1138: creating config.h
config.status:1319: config.h is unchanged
config.status:1367: executing depfiles commands
config.status:1367: executing libtool commands

## ---------------- ##
## Cache variables. ##
## ---------------- ##

ac_cv_build=x86_64-unknown-linux-gnu
ac_cv_c_compiler_gnu=yes
ac_cv_c_const=yes
ac_cv_c_inline=inline
ac_cv_env_CC_set=
ac_cv_env_CC_value=
ac_cv_env_CFLAGS_set=
ac_cv_env_CFLAGS_value=
ac_cv_env_CPPFLAGS_set=
ac_cv_env_CPPFLAGS_value=
ac_cv_env_CPP_set=
ac_cv_env_CPP_value=
ac_cv_env_DOXYGEN_set=
ac_cv_env_DOXYGEN_value=
ac_cv_env_LATEX_set=
ac_cv_env_LATEX_value=
ac_cv_env_LDFLAGS_set=
ac_cv_env_LDFLAGS_value=
ac_cv_env_LIBS_set=
ac_cv_env_LIBS_value=
ac_cv_env_LT_SYS_LIBRARY_PATH_set=
ac_cv_env_LT_SYS_LIBRARY_PATH_value=
ac_cv_env_build_alias_set=
ac_cv_env_build_alias_value=
ac_cv_env_host_alias_set=
ac_cv_env_host_alias_value=
ac_cv_env_target_alias_set=
ac_cv_env_target_alias_value=
ac_cv_func_floor=yes
ac_cv_func_pow=yes
ac_cv_func_sqrt=yes
ac_cv_func_strdup=yes
ac_cv_have_decl_strdup=no
ac_cv_header_dlfcn_h=yes
ac_cv_header_inttypes_h=yes
ac_cv_header_memory_h=yes
ac_cv_header_stdc=yes
ac_cv_header_stdint_h=yes
ac_cv_header_stdlib_h=yes
ac_cv_header_string_h=yes
ac_cv_header_strings_h=yes
ac_cv_header_sys_stat_h=yes
ac_cv_header_sys_types_h=yes
ac_cv_header_unistd_h=yes
ac_cv_host=x86_64-unknown-linux-gnu
ac_cv_lib_m_sqrt=yes
ac_cv_objext=o
ac_cv_path_EGREP='/bin/grep -E'
ac_cv_path_FGREP='/bin/grep -F'
ac_cv_path_GREP=/bin/grep
ac_cv_path_LATEX=/usr/bin/latex
ac_cv_path_SED=/bin/sed
ac_cv_path_install='/usr/bin/install -c'
ac_cv_path_lt_DD=/bin/dd
ac_cv_path_mkdir=/bin/mkdir
ac_cv_prog_AWK=mawk
ac_cv_prog_CPP='gcc -E'
ac_cv_prog_ac_ct_AR=ar
ac_cv_prog_ac_ct_CC=gcc
ac_cv_prog_ac_ct_MANIFEST_TOOL=mt
ac_cv_prog_ac_ct_OBJDUMP=objdump
ac_cv_prog_ac_ct_RANLIB=ranlib
ac_cv_prog_ac_ct_STRIP=strip
ac_cv_prog_cc_c89=
ac_cv_prog_cc_g=yes
ac_cv_prog_make_make_set=yes
ac_cv_sys_file_offset_bits=no
ac_cv_sys_largefile_CC=no
ac_cv_target=x86_64-unknown-linux-gnu
am_cv_CC_dependencies_compiler_type=gcc3
am_cv_make_support_nested_variables=yes
am_cv_prog_cc_c_o=yes
eso_cv_enable_debug=no
eso_cv_enable_openmp=yes
eso_cv_enable_strict=no
eso_cv_prog_cc_Wall=yes
eso_cv_prog_cc_Werror_implicit_function_declaration=yes
eso_cv_prog_cc_Werror_incompatible_pointer_types=yes
eso_cv_prog_cc_fopenmp=yes
eso_cv_prog_cc_fvisibility_hidden=yes
eso_cv_prog_cc_pthread=yes
eso_cv_prog_cc_std_c99=yes
eso_cv_prog_cc_xopenmp=no
lt_cv_ar_at_file=@
lt_cv_archive_cmds_need_lc=no
lt_cv_deplibs_check_method=pass_all
lt_cv_file_magic_cmd='$MAGIC_CMD'
lt_cv_file_magic_test_file=
lt_cv_ld_reload_flag=-r
lt_cv_nm_interface='BSD nm'
lt_cv_objdir=.libs
lt_cv_path_LD=/usr/bin/ld
lt_cv_path_NM='/usr/bin/nm -B'
lt_cv_path_mainfest_tool=no
lt_cv_prog_compiler_c_o=yes
lt_cv_prog_compiler_pic='-fPIC -DPIC'
lt_cv_prog_compiler_pic_works=yes
lt_cv_prog_compiler_rtti_exceptions=no
lt_cv_prog_compiler_static_works=yes
lt_cv_prog_gnu_ld=yes
lt_cv_sharedlib_from_linklib_cmd='printf %s\n'
lt_cv_shlibpath_overrides_runpath=yes
lt_cv_sys_global_symbol_pipe='sed -n -e '\''s/^.*[	 ]\([ABCDGIRSTW][ABCDGIRSTW]*\)[	 ][	 ]*\([_A-Za-z][_A-Za-z0-9]*\)$/\1 \2 \2/p'\'' | sed '\''/ __gnu_lto/d'\'''
lt_cv_sys_global_symbol_to_c_name_address='sed -n -e '\''s/^: \(.*\) .*$/  {"\1", (void *) 0},/p'\'' -e '\''s/^[ABCDGIRSTW][ABCDGIRSTW]* .* \(.*\)$/  {"\1", (void *) \&\1},/p'\'''
lt_cv_sys_global_symbol_to_c_name_address_lib_prefix='sed -n -e '\''s/^: \(.*\) .*$/  {"\1", (void *) 0},/p'\'' -e '\''s/^[ABCDGIRSTW][ABCDGIRSTW]* .* \(lib.*\)$/  {"\1", (void *) \&\1},/p'\'' -e '\''s/^[ABCDGIRSTW][ABCDGIRSTW]* .* \(.*\)$/  {"lib\1", (void *) \&\1},/p'\'''
lt_cv_sys_global_symbol_to_cdecl='sed -n -e '\''s/^T .* \(.*\)$/extern int \1();/p'\'' -e '\''s/^[ABCDGIRSTW][ABCDGIRSTW]* .* \(.*\)$/extern char \1;/p'\'''
lt_cv_sys_global_symbol_to_import=
lt_cv_sys_max_cmd_len=1572864
lt_cv_to_host_file_cmd=func_convert_file_noop
lt_cv_to_tool_file_cmd=func_convert_file_noop
lt_cv_truncate_bin='/bin/dd bs=4096 count=1'

## ----------------- ##
## Output variables. ##
## ----------------- ##

ACLOCAL='${SHELL} /home/ydallilar/Documents/NIX/scripts/NIX_Testing/hdrldemo-1.2.0/hdrl/admin/missing aclocal-1.15'
AMDEPBACKSLASH='\'
AMDEP_FALSE='#'
AMDEP_TRUE=''
AMTAR='$${TAR-tar}'
AM_BACKSLASH='\'
AM_DEFAULT_V='$(AM_DEFAULT_VERBOSITY)'
AM_DEFAULT_VERBOSITY='1'
AM_V='$(V)'
AR='ar'
AUTOCONF='${SHELL} /home/ydallilar/Documents/NIX/scripts/NIX_Testing/hdrldemo-1.2.0/hdrl/admin/missing autoconf'
AUTOHEADER='${SHELL} /home/ydallilar/Documents/NIX/scripts/NIX_Testing/hdrldemo-1.2.0/hdrl/admin/missing autoheader'
AUTOMAKE='${SHELL} /home/ydallilar/Documents/NIX/scripts/NIX_Testing/hdrldemo-1.2.0/hdrl/admin/missing automake-1.15'
AWK='mawk'
CC='gcc'
CCDEPMODE='depmode=gcc3'
CFLAGS='-Werror=implicit-function-declaration -fvisibility=hidden -Wall -g -O2 -pthread -std=c99 -Werror=incompatible-pointer-types -fopenmp'
CPL_INCLUDES='-I/home/ydallilar/.software/local/include'
CPL_LDFLAGS='-L/home/ydallilar/.software/local/lib -L/home/ydallilar/.software/local/lib64 -L/home/ydallilar/.software/local/lib32'
CPP='gcc -E'
CPPFLAGS=''
CYGPATH_W='echo'
DEFS='-DHAVE_CONFIG_H'
DEPDIR='.deps'
DLLTOOL='false'
DOXYGEN=':'
DSYMUTIL=''
DUMPBIN=''
ECHO_C=''
ECHO_N='-n'
ECHO_T=''
EGREP='/bin/grep -E'
ESO_DEBUG_FLAGS='-DNDEBUG'
EXEEXT=''
FGREP='/bin/grep -F'
GREP='/bin/grep'
GSL_INCLUDES='-I/home/ydallilar/.software/local/include'
GSL_LDFLAGS='-L/home/ydallilar/.software/local/lib -L/home/ydallilar/.software/local/lib64 -L/home/ydallilar/.software/local/lib32'
GSL_LIBS='-lgsl -lgslcblas'
HDRL_BINARY_AGE='200'
HDRL_BINARY_VERSION='10200'
HDRL_INCLUDES='-I$(top_srcdir)'
HDRL_INTERFACE_AGE='0'
HDRL_LDFLAGS='-L$(top_builddir)'
HDRL_MAJOR_VERSION='1'
HDRL_MICRO_VERSION='0'
HDRL_MINOR_VERSION='2'
HDRL_VERSION='1.2.0'
INSTALL_DATA='${INSTALL} -m 644'
INSTALL_PROGRAM='${INSTALL}'
INSTALL_SCRIPT='${INSTALL}'
INSTALL_STRIP_PROGRAM='$(install_sh) -c -s'
LATEX='/usr/bin/latex'
LD='/usr/bin/ld -m elf_x86_64'
LDFLAGS=' -fopenmp'
LIBCEXT='-lcext'
LIBCPLCORE='-lcplcore'
LIBCPLDFS='-lcpldfs'
LIBCPLDRS='-lcpldrs'
LIBCPLUI='-lcplui'
LIBHDRL='$(top_builddir)/libhdrl.la'
LIBOBJS=''
LIBS='-lm '
LIBTOOL='$(SHELL) $(top_builddir)/libtool'
LIBTOOL_DEPS='admin/ltmain.sh'
LIPO=''
LN_S='ln -s'
LTLIBOBJS=''
LT_AGE='0'
LT_CURRENT='0'
LT_REVISION='0'
LT_SYS_LIBRARY_PATH=''
MAINT=''
MAINTAINER_MODE_FALSE='#'
MAINTAINER_MODE_TRUE=''
MAKEINFO='${SHELL} /home/ydallilar/Documents/NIX/scripts/NIX_Testing/hdrldemo-1.2.0/hdrl/admin/missing makeinfo'
MANIFEST_TOOL=':'
MKDIR_P='/bin/mkdir -p'
NM='/usr/bin/nm -B'
NMEDIT=''
OBJDUMP='objdump'
OBJEXT='o'
OTOOL64=''
OTOOL=''
PACKAGE='hdrl'
PACKAGE_BUGREPORT='usd-help@eso.org'
PACKAGE_NAME='HDRL Pipeline'
PACKAGE_STRING='HDRL Pipeline 1.2.0'
PACKAGE_TARNAME='hdrl'
PACKAGE_URL=''
PACKAGE_VERSION='1.2.0'
PATH_SEPARATOR=':'
RANLIB='ranlib'
SED='/bin/sed'
SET_MAKE=''
SHELL='/bin/bash'
STRIP='strip'
VERSION='1.2.0'
VLTSW_FALSE=''
VLTSW_TRUE='#'
ac_ct_AR='ar'
ac_ct_CC='gcc'
ac_ct_DUMPBIN=''
all_includes='$(HDRL_INCLUDES) $(CPL_INCLUDES)'
all_ldflags='$(HDRL_LDFLAGS) $(CPL_LDFLAGS)'
am__EXEEXT_FALSE=''
am__EXEEXT_TRUE='#'
am__fastdepCC_FALSE='#'
am__fastdepCC_TRUE=''
am__include='include'
am__isrc=''
am__leading_dot='.'
am__nodep='_no'
am__quote=''
am__tar='$${TAR-tar} chof - "$$tardir"'
am__untar='$${TAR-tar} xf -'
bindir='${exec_prefix}/bin'
build='x86_64-unknown-linux-gnu'
build_alias=''
build_cpu='x86_64'
build_os='linux-gnu'
build_vendor='unknown'
datadir='${datarootdir}'
datarootdir='${prefix}/share'
docdir='${datarootdir}/doc/${PACKAGE_TARNAME}'
dvidir='${docdir}'
exec_prefix='${prefix}'
host='x86_64-unknown-linux-gnu'
host_alias=''
host_cpu='x86_64'
host_os='linux-gnu'
host_vendor='unknown'
htmldir='${docdir}'
includedir='${prefix}/include'
infodir='${datarootdir}/info'
install_sh='${SHELL} /home/ydallilar/Documents/NIX/scripts/NIX_Testing/hdrldemo-1.2.0/hdrl/admin/install-sh'
libdir='${exec_prefix}/lib'
libexecdir='${exec_prefix}/libexec'
localedir='${datarootdir}/locale'
localstatedir='${prefix}/var'
mandir='${datarootdir}/man'
mkdir_p='$(MKDIR_P)'
oldincludedir='/usr/include'
pdfdir='${docdir}'
prefix='/home/ydallilar/.software/local'
program_transform_name='s,x,x,'
psdir='${docdir}'
sbindir='${exec_prefix}/sbin'
sharedstatedir='${prefix}/com'
sysconfdir='${prefix}/etc'
target='x86_64-unknown-linux-gnu'
target_alias=''
target_cpu='x86_64'
target_os='linux-gnu'
target_vendor='unknown'

## ----------- ##
## confdefs.h. ##
## ----------- ##

/* confdefs.h */
#define PACKAGE_NAME "HDRL Pipeline"
#define PACKAGE_TARNAME "hdrl"
#define PACKAGE_VERSION "1.2.0"
#define PACKAGE_STRING "HDRL Pipeline 1.2.0"
#define PACKAGE_BUGREPORT "usd-help@eso.org"
#define PACKAGE_URL ""
#define PACKAGE "hdrl"
#define VERSION "1.2.0"
#define HDRL_MAJOR_VERSION 1
#define HDRL_MINOR_VERSION 2
#define HDRL_MICRO_VERSION 0
#define HDRL_INTERFACE_AGE 0
#define HDRL_BINARY_VERSION 10200
#define HDRL_BINARY_AGE 200
#define STDC_HEADERS 1
#define HAVE_SYS_TYPES_H 1
#define HAVE_SYS_STAT_H 1
#define HAVE_STDLIB_H 1
#define HAVE_STRING_H 1
#define HAVE_MEMORY_H 1
#define HAVE_STRINGS_H 1
#define HAVE_INTTYPES_H 1
#define HAVE_STDINT_H 1
#define HAVE_UNISTD_H 1
#define HAVE_DLFCN_H 1
#define LT_OBJDIR ".libs/"
#define STDC_HEADERS 1
#define HAVE_STRING_H 1
#define HAVE_LIBM 1
#define HAVE_FLOOR 1
#define HAVE_POW 1
#define HAVE_SQRT 1
#define HAVE_GSL 1
#define HAVE_LIBGSL 1

configure: exit 0
